<?xml version="1.0" encoding="UTF-8"?>
<testsuite name="com.fastcampus.jpa.bookmanager.domain.UserTest" tests="1" skipped="0" failures="0" errors="0" timestamp="2023-07-10T02:17:49" hostname="SweetjicBookPro" time="0.009">
  <properties/>
  <testcase name="test()" classname="com.fastcampus.jpa.bookmanager.domain.UserTest" time="0.009"/>
  <system-out><![CDATA[>>>User(name=jinan, email=wlsdks12@naver.com, createdAt=null, updatedAt=null)
]]></system-out>
  <system-err><![CDATA[]]></system-err>
</testsuite>
